<?xml version="1.0" encoding="UTF-8"?>
<!-- Generated by org.testng.reporters.JUnitReportReporter -->
<testsuite hostname="Feba_Thomas" failures="0" tests="2" name="testcases.CategoryTest" time="8.580" errors="0" timestamp="2025-02-03T08:37:59 IST" skipped="0">
  <testcase classname="testcases.CategoryTest" name="addingTheNewCategoryToThePage" time="4.745"/>
  <testcase classname="testcases.CategoryTest" name="searchTheCategoryFromTheList" time="3.835"/>
</testsuite> <!-- testcases.CategoryTest -->
