<?xml version="1.0" encoding="UTF-8"?>
<!-- Generated by org.testng.reporters.JUnitReportReporter -->
<testsuite hostname="Feba_Thomas" failures="0" tests="6" name="testcases.LoginTest" time="18.117" errors="0" timestamp="2025-02-03T08:36:30 IST" skipped="0">
  <testcase classname="testcases.LoginTest" name="userLoginWithValidUsernameAndValidPassword" time="5.238"/>
  <testcase classname="testcases.LoginTest" name="userLoginWithInvalidUsernameAndValidPassword" time="2.657"/>
  <testcase classname="testcases.LoginTest" name="userLoginWithValidUsernameAndInvalidPassword" time="2.558"/>
  <testcase classname="testcases.LoginTest" name="userLoginWithValidUsernameAndInvalidPassword" time="2.555"/>
  <testcase classname="testcases.LoginTest" name="userLoginWithValidUsernameAndInvalidPassword" time="2.573"/>
  <testcase classname="testcases.LoginTest" name="userLoginWithInvalidUsernameAndInvalidPassword" time="2.536"/>
</testsuite> <!-- testcases.LoginTest -->
