<?xml version="1.0" encoding="UTF-8"?>
<!-- Generated by org.testng.reporters.JUnitReportReporter -->
<testsuite hostname="Feba_Thomas" failures="0" tests="2" name="testcases.LoginTest" time="31.430" errors="0" timestamp="2025-02-06T20:21:22 IST" skipped="0">
  <testcase classname="testcases.LoginTest" name="userLoginWithValidUsernameAndValidPassword" time="9.176"/>
  <testcase classname="testcases.LoginTest" name="userLoginWithInvalidUsernameAndValidPassword" time="22.254"/>
</testsuite> <!-- testcases.LoginTest -->
