<?xml version="1.0" encoding="UTF-8"?>
<!-- Generated by org.testng.reporters.JUnitReportReporter -->
<testsuite hostname="Feba_Thomas" failures="0" tests="1" name="testcases.SubCategoryTest" time="5.890" errors="0" timestamp="2025-02-03T13:12:42 IST" skipped="0">
  <testcase classname="testcases.SubCategoryTest" name="addingTheNewSubCategoryToThePage" time="5.890"/>
</testsuite> <!-- testcases.SubCategoryTest -->
