<?xml version="1.0" encoding="UTF-8"?>
<!-- Generated by org.testng.reporters.JUnitReportReporter -->
<testsuite hostname="Feba_Thomas" failures="0" tests="6" name="testcases.LoginTest" time="22.637" errors="0" timestamp="2025-02-03T13:12:42 IST" skipped="0">
  <testcase classname="testcases.LoginTest" name="userLoginWithValidUsernameAndValidPassword" time="4.455"/>
  <testcase classname="testcases.LoginTest" name="userLoginWithInvalidUsernameAndValidPassword" time="3.125"/>
  <testcase classname="testcases.LoginTest" name="userLoginWithValidUsernameAndInvalidPassword" time="3.085"/>
  <testcase classname="testcases.LoginTest" name="userLoginWithValidUsernameAndInvalidPassword" time="3.652"/>
  <testcase classname="testcases.LoginTest" name="userLoginWithValidUsernameAndInvalidPassword" time="5.209"/>
  <testcase classname="testcases.LoginTest" name="userLoginWithInvalidUsernameAndInvalidPassword" time="3.111"/>
</testsuite> <!-- testcases.LoginTest -->
