<?xml version="1.0" encoding="UTF-8"?>
<!-- Generated by org.testng.reporters.JUnitReportReporter -->
<testsuite hostname="Feba_Thomas" failures="0" tests="1" name="testcases.HomePageTest" time="3.788" errors="0" timestamp="2025-02-03T13:12:42 IST" skipped="0">
  <testcase classname="testcases.HomePageTest" name="clickingOnLogoutFromHomePage" time="3.788"/>
</testsuite> <!-- testcases.HomePageTest -->
