<?xml version="1.0" encoding="UTF-8"?>
<!-- Generated by org.testng.reporters.JUnitReportReporter -->
<testsuite hostname="Feba_Thomas" failures="0" tests="2" name="testcases.CategoryTest" time="10.289" errors="0" timestamp="2025-02-03T13:12:42 IST" skipped="0">
  <testcase classname="testcases.CategoryTest" name="addingTheNewCategoryToThePage" time="5.224"/>
  <testcase classname="testcases.CategoryTest" name="searchTheCategoryFromTheList" time="5.065"/>
</testsuite> <!-- testcases.CategoryTest -->
