<?xml version="1.0" encoding="UTF-8"?>
<!-- Generated by org.testng.reporters.JUnitReportReporter -->
<testsuite hostname="Feba_Thomas" failures="0" tests="1" name="testcases.HomePageTest" time="4.336" errors="0" timestamp="2025-02-03T08:37:34 IST" skipped="0">
  <testcase classname="testcases.HomePageTest" name="clickingOnLogoutFromHomePage" time="4.336"/>
</testsuite> <!-- testcases.HomePageTest -->
